<?xml version="1.0" encoding="UTF-8"?>
<testsuite xmlns:xsi="http://www.w3.org/2001/XMLSchema-instance" xsi:noNamespaceSchemaLocation="https://maven.apache.org/surefire/maven-surefire-plugin/xsd/surefire-test-report.xsd" name="System should allow any user to register with valid credentials validating the success message" time="0.702" tests="3" errors="0" skipped="3" failures="0">
  <properties>
    <property name="sun.desktop" value="windows"/>
    <property name="awt.toolkit" value="sun.awt.windows.WToolkit"/>
    <property name="java.specification.version" value="11"/>
    <property name="sun.cpu.isalist" value="amd64"/>
    <property name="sun.jnu.encoding" value="Cp1252"/>
    <property name="java.class.path" value="C:\Users\BEST TECH\IdeaProjects\GmiBankProjectReview\target\test-classes;C:\Users\BEST TECH\IdeaProjects\GmiBankProjectReview\target\classes;C:\Users\BEST TECH\.m2\repository\org\seleniumhq\selenium\selenium-java\3.141.59\selenium-java-3.141.59.jar;C:\Users\BEST TECH\.m2\repository\org\seleniumhq\selenium\selenium-api\3.141.59\selenium-api-3.141.59.jar;C:\Users\BEST TECH\.m2\repository\org\seleniumhq\selenium\selenium-chrome-driver\3.141.59\selenium-chrome-driver-3.141.59.jar;C:\Users\BEST TECH\.m2\repository\org\seleniumhq\selenium\selenium-edge-driver\3.141.59\selenium-edge-driver-3.141.59.jar;C:\Users\BEST TECH\.m2\repository\org\seleniumhq\selenium\selenium-firefox-driver\3.141.59\selenium-firefox-driver-3.141.59.jar;C:\Users\BEST TECH\.m2\repository\org\seleniumhq\selenium\selenium-ie-driver\3.141.59\selenium-ie-driver-3.141.59.jar;C:\Users\BEST TECH\.m2\repository\org\seleniumhq\selenium\selenium-opera-driver\3.141.59\selenium-opera-driver-3.141.59.jar;C:\Users\BEST TECH\.m2\repository\org\seleniumhq\selenium\selenium-remote-driver\3.141.59\selenium-remote-driver-3.141.59.jar;C:\Users\BEST TECH\.m2\repository\org\seleniumhq\selenium\selenium-safari-driver\3.141.59\selenium-safari-driver-3.141.59.jar;C:\Users\BEST TECH\.m2\repository\org\seleniumhq\selenium\selenium-support\3.141.59\selenium-support-3.141.59.jar;C:\Users\BEST TECH\.m2\repository\net\bytebuddy\byte-buddy\1.8.15\byte-buddy-1.8.15.jar;C:\Users\BEST TECH\.m2\repository\org\apache\commons\commons-exec\1.3\commons-exec-1.3.jar;C:\Users\BEST TECH\.m2\repository\com\google\guava\guava\25.0-jre\guava-25.0-jre.jar;C:\Users\BEST TECH\.m2\repository\com\google\code\findbugs\jsr305\1.3.9\jsr305-1.3.9.jar;C:\Users\BEST TECH\.m2\repository\org\checkerframework\checker-compat-qual\2.0.0\checker-compat-qual-2.0.0.jar;C:\Users\BEST TECH\.m2\repository\com\google\errorprone\error_prone_annotations\2.1.3\error_prone_annotations-2.1.3.jar;C:\Users\BEST TECH\.m2\repository\com\google\j2objc\j2objc-annotations\1.1\j2objc-annotations-1.1.jar;C:\Users\BEST TECH\.m2\repository\org\codehaus\mojo\animal-sniffer-annotations\1.14\animal-sniffer-annotations-1.14.jar;C:\Users\BEST TECH\.m2\repository\com\squareup\okhttp3\okhttp\3.11.0\okhttp-3.11.0.jar;C:\Users\BEST TECH\.m2\repository\com\squareup\okio\okio\1.14.0\okio-1.14.0.jar;C:\Users\BEST TECH\.m2\repository\io\github\bonigarcia\webdrivermanager\4.2.1\webdrivermanager-4.2.1.jar;C:\Users\BEST TECH\.m2\repository\org\slf4j\slf4j-api\1.7.30\slf4j-api-1.7.30.jar;C:\Users\BEST TECH\.m2\repository\commons-io\commons-io\2.8.0\commons-io-2.8.0.jar;C:\Users\BEST TECH\.m2\repository\com\google\code\gson\gson\2.8.6\gson-2.8.6.jar;C:\Users\BEST TECH\.m2\repository\org\apache\commons\commons-lang3\3.11\commons-lang3-3.11.jar;C:\Users\BEST TECH\.m2\repository\org\apache\httpcomponents\client5\httpclient5\5.0.1\httpclient5-5.0.1.jar;C:\Users\BEST TECH\.m2\repository\org\apache\httpcomponents\core5\httpcore5\5.0.1\httpcore5-5.0.1.jar;C:\Users\BEST TECH\.m2\repository\org\apache\httpcomponents\core5\httpcore5-h2\5.0.1\httpcore5-h2-5.0.1.jar;C:\Users\BEST TECH\.m2\repository\org\rauschig\jarchivelib\1.1.0\jarchivelib-1.1.0.jar;C:\Users\BEST TECH\.m2\repository\org\apache\commons\commons-compress\1.20\commons-compress-1.20.jar;C:\Users\BEST TECH\.m2\repository\org\jsoup\jsoup\1.13.1\jsoup-1.13.1.jar;C:\Users\BEST TECH\.m2\repository\io\cucumber\cucumber-java\5.7.0\cucumber-java-5.7.0.jar;C:\Users\BEST TECH\.m2\repository\io\cucumber\cucumber-core\5.7.0\cucumber-core-5.7.0.jar;C:\Users\BEST TECH\.m2\repository\io\cucumber\cucumber-gherkin\5.7.0\cucumber-gherkin-5.7.0.jar;C:\Users\BEST TECH\.m2\repository\io\cucumber\cucumber-gherkin-vintage\5.7.0\cucumber-gherkin-vintage-5.7.0.jar;C:\Users\BEST TECH\.m2\repository\io\cucumber\tag-expressions\2.0.4\tag-expressions-2.0.4.jar;C:\Users\BEST TECH\.m2\repository\io\cucumber\cucumber-expressions\8.3.1\cucumber-expressions-8.3.1.jar;C:\Users\BEST TECH\.m2\repository\io\cucumber\datatable\3.3.1\datatable-3.3.1.jar;C:\Users\BEST TECH\.m2\repository\io\cucumber\cucumber-plugin\5.7.0\cucumber-plugin-5.7.0.jar;C:\Users\BEST TECH\.m2\repository\io\cucumber\docstring\5.7.0\docstring-5.7.0.jar;C:\Users\BEST TECH\.m2\repository\org\apiguardian\apiguardian-api\1.1.0\apiguardian-api-1.1.0.jar;C:\Users\BEST TECH\.m2\repository\io\cucumber\cucumber-junit\5.7.0\cucumber-junit-5.7.0.jar;C:\Users\BEST TECH\.m2\repository\junit\junit\4.13\junit-4.13.jar;C:\Users\BEST TECH\.m2\repository\org\hamcrest\hamcrest-core\1.3\hamcrest-core-1.3.jar;C:\Users\BEST TECH\.m2\repository\org\slf4j\slf4j-simple\1.7.30\slf4j-simple-1.7.30.jar;C:\Users\BEST TECH\.m2\repository\org\apache\poi\poi\4.1.2\poi-4.1.2.jar;C:\Users\BEST TECH\.m2\repository\commons-codec\commons-codec\1.13\commons-codec-1.13.jar;C:\Users\BEST TECH\.m2\repository\org\apache\commons\commons-collections4\4.4\commons-collections4-4.4.jar;C:\Users\BEST TECH\.m2\repository\org\apache\commons\commons-math3\3.6.1\commons-math3-3.6.1.jar;C:\Users\BEST TECH\.m2\repository\com\zaxxer\SparseBitSet\1.2\SparseBitSet-1.2.jar;C:\Users\BEST TECH\.m2\repository\org\json\json\20190722\json-20190722.jar;C:\Users\BEST TECH\.m2\repository\io\rest-assured\rest-assured\4.3.1\rest-assured-4.3.1.jar;C:\Users\BEST TECH\.m2\repository\org\codehaus\groovy\groovy\3.0.3\groovy-3.0.3.jar;C:\Users\BEST TECH\.m2\repository\org\codehaus\groovy\groovy-xml\3.0.3\groovy-xml-3.0.3.jar;C:\Users\BEST TECH\.m2\repository\org\apache\httpcomponents\httpclient\4.5.3\httpclient-4.5.3.jar;C:\Users\BEST TECH\.m2\repository\org\apache\httpcomponents\httpcore\4.4.6\httpcore-4.4.6.jar;C:\Users\BEST TECH\.m2\repository\commons-logging\commons-logging\1.2\commons-logging-1.2.jar;C:\Users\BEST TECH\.m2\repository\org\apache\httpcomponents\httpmime\4.5.3\httpmime-4.5.3.jar;C:\Users\BEST TECH\.m2\repository\org\hamcrest\hamcrest\2.1\hamcrest-2.1.jar;C:\Users\BEST TECH\.m2\repository\org\ccil\cowan\tagsoup\tagsoup\1.2.1\tagsoup-1.2.1.jar;C:\Users\BEST TECH\.m2\repository\io\rest-assured\json-path\4.3.1\json-path-4.3.1.jar;C:\Users\BEST TECH\.m2\repository\org\codehaus\groovy\groovy-json\3.0.3\groovy-json-3.0.3.jar;C:\Users\BEST TECH\.m2\repository\io\rest-assured\rest-assured-common\4.3.1\rest-assured-common-4.3.1.jar;C:\Users\BEST TECH\.m2\repository\io\rest-assured\xml-path\4.3.1\xml-path-4.3.1.jar;C:\Users\BEST TECH\.m2\repository\jakarta\xml\bind\jakarta.xml.bind-api\2.3.3\jakarta.xml.bind-api-2.3.3.jar;C:\Users\BEST TECH\.m2\repository\jakarta\activation\jakarta.activation-api\1.2.2\jakarta.activation-api-1.2.2.jar;C:\Users\BEST TECH\.m2\repository\com\sun\xml\bind\jaxb-impl\2.3.3\jaxb-impl-2.3.3.jar;C:\Users\BEST TECH\.m2\repository\org\codehaus\jackson\jackson-mapper-asl\1.9.13\jackson-mapper-asl-1.9.13.jar;C:\Users\BEST TECH\.m2\repository\org\codehaus\jackson\jackson-core-asl\1.9.13\jackson-core-asl-1.9.13.jar;C:\Users\BEST TECH\.m2\repository\org\postgresql\postgresql\42.2.18\postgresql-42.2.18.jar;C:\Users\BEST TECH\.m2\repository\org\checkerframework\checker-qual\3.5.0\checker-qual-3.5.0.jar;C:\Users\BEST TECH\.m2\repository\com\fasterxml\jackson\core\jackson-databind\2.9.8\jackson-databind-2.9.8.jar;C:\Users\BEST TECH\.m2\repository\com\fasterxml\jackson\core\jackson-annotations\2.9.0\jackson-annotations-2.9.0.jar;C:\Users\BEST TECH\.m2\repository\com\fasterxml\jackson\core\jackson-core\2.9.8\jackson-core-2.9.8.jar;C:\Users\BEST TECH\.m2\repository\com\github\javafaker\javafaker\1.0.2\javafaker-1.0.2.jar;C:\Users\BEST TECH\.m2\repository\org\yaml\snakeyaml\1.23\snakeyaml-1.23-android.jar;C:\Users\BEST TECH\.m2\repository\com\github\mifmif\generex\1.0.2\generex-1.0.2.jar;C:\Users\BEST TECH\.m2\repository\dk\brics\automaton\automaton\1.11-8\automaton-1.11-8.jar;C:\Users\BEST TECH\.m2\repository\com\itextpdf\itextpdf\5.5.13.2\itextpdf-5.5.13.2.jar;"/>
    <property name="java.vm.vendor" value="Amazon.com Inc."/>
    <property name="sun.arch.data.model" value="64"/>
    <property name="user.variant" value=""/>
    <property name="java.vendor.url" value="https://aws.amazon.com/corretto/"/>
    <property name="user.timezone" value="Asia/Baghdad"/>
    <property name="java.vm.specification.version" value="11"/>
    <property name="os.name" value="Windows 10"/>
    <property name="sun.java.launcher" value="SUN_STANDARD"/>
    <property name="user.country" value="US"/>
    <property name="sun.boot.library.path" value="C:\Users\BEST TECH\.jdks\corretto-11.0.12\bin"/>
    <property name="sun.java.command" value="C:\Users\BESTTE~1\AppData\Local\Temp\surefire7078626520926663282\surefirebooter10774570365777338327.jar C:\Users\BEST TECH\AppData\Local\Temp\surefire7078626520926663282 2021-12-11T22-42-01_083-jvmRun1 surefire8584562964822615788tmp surefire_08159768935706515996tmp"/>
    <property name="jdk.debug" value="release"/>
    <property name="surefire.test.class.path" value="C:\Users\BEST TECH\IdeaProjects\GmiBankProjectReview\target\test-classes;C:\Users\BEST TECH\IdeaProjects\GmiBankProjectReview\target\classes;C:\Users\BEST TECH\.m2\repository\org\seleniumhq\selenium\selenium-java\3.141.59\selenium-java-3.141.59.jar;C:\Users\BEST TECH\.m2\repository\org\seleniumhq\selenium\selenium-api\3.141.59\selenium-api-3.141.59.jar;C:\Users\BEST TECH\.m2\repository\org\seleniumhq\selenium\selenium-chrome-driver\3.141.59\selenium-chrome-driver-3.141.59.jar;C:\Users\BEST TECH\.m2\repository\org\seleniumhq\selenium\selenium-edge-driver\3.141.59\selenium-edge-driver-3.141.59.jar;C:\Users\BEST TECH\.m2\repository\org\seleniumhq\selenium\selenium-firefox-driver\3.141.59\selenium-firefox-driver-3.141.59.jar;C:\Users\BEST TECH\.m2\repository\org\seleniumhq\selenium\selenium-ie-driver\3.141.59\selenium-ie-driver-3.141.59.jar;C:\Users\BEST TECH\.m2\repository\org\seleniumhq\selenium\selenium-opera-driver\3.141.59\selenium-opera-driver-3.141.59.jar;C:\Users\BEST TECH\.m2\repository\org\seleniumhq\selenium\selenium-remote-driver\3.141.59\selenium-remote-driver-3.141.59.jar;C:\Users\BEST TECH\.m2\repository\org\seleniumhq\selenium\selenium-safari-driver\3.141.59\selenium-safari-driver-3.141.59.jar;C:\Users\BEST TECH\.m2\repository\org\seleniumhq\selenium\selenium-support\3.141.59\selenium-support-3.141.59.jar;C:\Users\BEST TECH\.m2\repository\net\bytebuddy\byte-buddy\1.8.15\byte-buddy-1.8.15.jar;C:\Users\BEST TECH\.m2\repository\org\apache\commons\commons-exec\1.3\commons-exec-1.3.jar;C:\Users\BEST TECH\.m2\repository\com\google\guava\guava\25.0-jre\guava-25.0-jre.jar;C:\Users\BEST TECH\.m2\repository\com\google\code\findbugs\jsr305\1.3.9\jsr305-1.3.9.jar;C:\Users\BEST TECH\.m2\repository\org\checkerframework\checker-compat-qual\2.0.0\checker-compat-qual-2.0.0.jar;C:\Users\BEST TECH\.m2\repository\com\google\errorprone\error_prone_annotations\2.1.3\error_prone_annotations-2.1.3.jar;C:\Users\BEST TECH\.m2\repository\com\google\j2objc\j2objc-annotations\1.1\j2objc-annotations-1.1.jar;C:\Users\BEST TECH\.m2\repository\org\codehaus\mojo\animal-sniffer-annotations\1.14\animal-sniffer-annotations-1.14.jar;C:\Users\BEST TECH\.m2\repository\com\squareup\okhttp3\okhttp\3.11.0\okhttp-3.11.0.jar;C:\Users\BEST TECH\.m2\repository\com\squareup\okio\okio\1.14.0\okio-1.14.0.jar;C:\Users\BEST TECH\.m2\repository\io\github\bonigarcia\webdrivermanager\4.2.1\webdrivermanager-4.2.1.jar;C:\Users\BEST TECH\.m2\repository\org\slf4j\slf4j-api\1.7.30\slf4j-api-1.7.30.jar;C:\Users\BEST TECH\.m2\repository\commons-io\commons-io\2.8.0\commons-io-2.8.0.jar;C:\Users\BEST TECH\.m2\repository\com\google\code\gson\gson\2.8.6\gson-2.8.6.jar;C:\Users\BEST TECH\.m2\repository\org\apache\commons\commons-lang3\3.11\commons-lang3-3.11.jar;C:\Users\BEST TECH\.m2\repository\org\apache\httpcomponents\client5\httpclient5\5.0.1\httpclient5-5.0.1.jar;C:\Users\BEST TECH\.m2\repository\org\apache\httpcomponents\core5\httpcore5\5.0.1\httpcore5-5.0.1.jar;C:\Users\BEST TECH\.m2\repository\org\apache\httpcomponents\core5\httpcore5-h2\5.0.1\httpcore5-h2-5.0.1.jar;C:\Users\BEST TECH\.m2\repository\org\rauschig\jarchivelib\1.1.0\jarchivelib-1.1.0.jar;C:\Users\BEST TECH\.m2\repository\org\apache\commons\commons-compress\1.20\commons-compress-1.20.jar;C:\Users\BEST TECH\.m2\repository\org\jsoup\jsoup\1.13.1\jsoup-1.13.1.jar;C:\Users\BEST TECH\.m2\repository\io\cucumber\cucumber-java\5.7.0\cucumber-java-5.7.0.jar;C:\Users\BEST TECH\.m2\repository\io\cucumber\cucumber-core\5.7.0\cucumber-core-5.7.0.jar;C:\Users\BEST TECH\.m2\repository\io\cucumber\cucumber-gherkin\5.7.0\cucumber-gherkin-5.7.0.jar;C:\Users\BEST TECH\.m2\repository\io\cucumber\cucumber-gherkin-vintage\5.7.0\cucumber-gherkin-vintage-5.7.0.jar;C:\Users\BEST TECH\.m2\repository\io\cucumber\tag-expressions\2.0.4\tag-expressions-2.0.4.jar;C:\Users\BEST TECH\.m2\repository\io\cucumber\cucumber-expressions\8.3.1\cucumber-expressions-8.3.1.jar;C:\Users\BEST TECH\.m2\repository\io\cucumber\datatable\3.3.1\datatable-3.3.1.jar;C:\Users\BEST TECH\.m2\repository\io\cucumber\cucumber-plugin\5.7.0\cucumber-plugin-5.7.0.jar;C:\Users\BEST TECH\.m2\repository\io\cucumber\docstring\5.7.0\docstring-5.7.0.jar;C:\Users\BEST TECH\.m2\repository\org\apiguardian\apiguardian-api\1.1.0\apiguardian-api-1.1.0.jar;C:\Users\BEST TECH\.m2\repository\io\cucumber\cucumber-junit\5.7.0\cucumber-junit-5.7.0.jar;C:\Users\BEST TECH\.m2\repository\junit\junit\4.13\junit-4.13.jar;C:\Users\BEST TECH\.m2\repository\org\hamcrest\hamcrest-core\1.3\hamcrest-core-1.3.jar;C:\Users\BEST TECH\.m2\repository\org\slf4j\slf4j-simple\1.7.30\slf4j-simple-1.7.30.jar;C:\Users\BEST TECH\.m2\repository\org\apache\poi\poi\4.1.2\poi-4.1.2.jar;C:\Users\BEST TECH\.m2\repository\commons-codec\commons-codec\1.13\commons-codec-1.13.jar;C:\Users\BEST TECH\.m2\repository\org\apache\commons\commons-collections4\4.4\commons-collections4-4.4.jar;C:\Users\BEST TECH\.m2\repository\org\apache\commons\commons-math3\3.6.1\commons-math3-3.6.1.jar;C:\Users\BEST TECH\.m2\repository\com\zaxxer\SparseBitSet\1.2\SparseBitSet-1.2.jar;C:\Users\BEST TECH\.m2\repository\org\json\json\20190722\json-20190722.jar;C:\Users\BEST TECH\.m2\repository\io\rest-assured\rest-assured\4.3.1\rest-assured-4.3.1.jar;C:\Users\BEST TECH\.m2\repository\org\codehaus\groovy\groovy\3.0.3\groovy-3.0.3.jar;C:\Users\BEST TECH\.m2\repository\org\codehaus\groovy\groovy-xml\3.0.3\groovy-xml-3.0.3.jar;C:\Users\BEST TECH\.m2\repository\org\apache\httpcomponents\httpclient\4.5.3\httpclient-4.5.3.jar;C:\Users\BEST TECH\.m2\repository\org\apache\httpcomponents\httpcore\4.4.6\httpcore-4.4.6.jar;C:\Users\BEST TECH\.m2\repository\commons-logging\commons-logging\1.2\commons-logging-1.2.jar;C:\Users\BEST TECH\.m2\repository\org\apache\httpcomponents\httpmime\4.5.3\httpmime-4.5.3.jar;C:\Users\BEST TECH\.m2\repository\org\hamcrest\hamcrest\2.1\hamcrest-2.1.jar;C:\Users\BEST TECH\.m2\repository\org\ccil\cowan\tagsoup\tagsoup\1.2.1\tagsoup-1.2.1.jar;C:\Users\BEST TECH\.m2\repository\io\rest-assured\json-path\4.3.1\json-path-4.3.1.jar;C:\Users\BEST TECH\.m2\repository\org\codehaus\groovy\groovy-json\3.0.3\groovy-json-3.0.3.jar;C:\Users\BEST TECH\.m2\repository\io\rest-assured\rest-assured-common\4.3.1\rest-assured-common-4.3.1.jar;C:\Users\BEST TECH\.m2\repository\io\rest-assured\xml-path\4.3.1\xml-path-4.3.1.jar;C:\Users\BEST TECH\.m2\repository\jakarta\xml\bind\jakarta.xml.bind-api\2.3.3\jakarta.xml.bind-api-2.3.3.jar;C:\Users\BEST TECH\.m2\repository\jakarta\activation\jakarta.activation-api\1.2.2\jakarta.activation-api-1.2.2.jar;C:\Users\BEST TECH\.m2\repository\com\sun\xml\bind\jaxb-impl\2.3.3\jaxb-impl-2.3.3.jar;C:\Users\BEST TECH\.m2\repository\org\codehaus\jackson\jackson-mapper-asl\1.9.13\jackson-mapper-asl-1.9.13.jar;C:\Users\BEST TECH\.m2\repository\org\codehaus\jackson\jackson-core-asl\1.9.13\jackson-core-asl-1.9.13.jar;C:\Users\BEST TECH\.m2\repository\org\postgresql\postgresql\42.2.18\postgresql-42.2.18.jar;C:\Users\BEST TECH\.m2\repository\org\checkerframework\checker-qual\3.5.0\checker-qual-3.5.0.jar;C:\Users\BEST TECH\.m2\repository\com\fasterxml\jackson\core\jackson-databind\2.9.8\jackson-databind-2.9.8.jar;C:\Users\BEST TECH\.m2\repository\com\fasterxml\jackson\core\jackson-annotations\2.9.0\jackson-annotations-2.9.0.jar;C:\Users\BEST TECH\.m2\repository\com\fasterxml\jackson\core\jackson-core\2.9.8\jackson-core-2.9.8.jar;C:\Users\BEST TECH\.m2\repository\com\github\javafaker\javafaker\1.0.2\javafaker-1.0.2.jar;C:\Users\BEST TECH\.m2\repository\org\yaml\snakeyaml\1.23\snakeyaml-1.23-android.jar;C:\Users\BEST TECH\.m2\repository\com\github\mifmif\generex\1.0.2\generex-1.0.2.jar;C:\Users\BEST TECH\.m2\repository\dk\brics\automaton\automaton\1.11-8\automaton-1.11-8.jar;C:\Users\BEST TECH\.m2\repository\com\itextpdf\itextpdf\5.5.13.2\itextpdf-5.5.13.2.jar;"/>
    <property name="sun.cpu.endian" value="little"/>
    <property name="user.home" value="C:\Users\BEST TECH"/>
    <property name="user.language" value="en"/>
    <property name="java.specification.vendor" value="Oracle Corporation"/>
    <property name="java.version.date" value="2021-07-20"/>
    <property name="java.home" value="C:\Users\BEST TECH\.jdks\corretto-11.0.12"/>
    <property name="file.separator" value="\"/>
    <property name="basedir" value="C:\Users\BEST TECH\IdeaProjects\GmiBankProjectReview"/>
    <property name="java.vm.compressedOopsMode" value="Zero based"/>
    <property name="line.separator" value="&#10;"/>
    <property name="java.specification.name" value="Java Platform API Specification"/>
    <property name="java.vm.specification.vendor" value="Oracle Corporation"/>
    <property name="java.awt.graphicsenv" value="sun.awt.Win32GraphicsEnvironment"/>
    <property name="surefire.real.class.path" value="C:\Users\BESTTE~1\AppData\Local\Temp\surefire7078626520926663282\surefirebooter10774570365777338327.jar"/>
    <property name="user.script" value=""/>
    <property name="sun.management.compiler" value="HotSpot 64-Bit Tiered Compilers"/>
    <property name="java.runtime.version" value="11.0.12+7-LTS"/>
    <property name="user.name" value="BEST TECH"/>
    <property name="path.separator" value=";"/>
    <property name="os.version" value="10.0"/>
    <property name="java.runtime.name" value="OpenJDK Runtime Environment"/>
    <property name="file.encoding" value="UTF-8"/>
    <property name="java.vm.name" value="OpenJDK 64-Bit Server VM"/>
    <property name="java.vendor.version" value="Corretto-11.0.12.7.1"/>
    <property name="localRepository" value="C:\Users\BEST TECH\.m2\repository"/>
    <property name="java.vendor.url.bug" value="https://github.com/corretto/corretto-11/issues/"/>
    <property name="java.io.tmpdir" value="C:\Users\BESTTE~1\AppData\Local\Temp\"/>
    <property name="idea.version" value="2021.2.2"/>
    <property name="java.version" value="11.0.12"/>
    <property name="user.dir" value="C:\Users\BEST TECH\IdeaProjects\GmiBankProjectReview"/>
    <property name="os.arch" value="amd64"/>
    <property name="java.vm.specification.name" value="Java Virtual Machine Specification"/>
    <property name="java.awt.printerjob" value="sun.awt.windows.WPrinterJob"/>
    <property name="sun.os.patch.level" value=""/>
    <property name="java.library.path" value="C:\Users\BEST TECH\.jdks\corretto-11.0.12\bin;C:\WINDOWS\Sun\Java\bin;C:\WINDOWS\system32;C:\WINDOWS;C:\oraclexe\app\oracle\product\11.2.0\server\bin;C:\Program Files (x86)\Common Files\Oracle\Java\javapath;C:\Program Files (x86)\Intel\Intel(R) Management Engine Components\iCLS\;C:\Program Files\Intel\Intel(R) Management Engine Components\iCLS\;C:\WINDOWS\system32;C:\WINDOWS;C:\WINDOWS\System32\Wbem;C:\WINDOWS\System32\WindowsPowerShell\v1.0\;C:\WINDOWS\System32\OpenSSH\;C:\Program Files\Intel\WiFi\bin\;C:\Program Files\Common Files\Intel\WirelessCommon\;C:\Program Files (x86)\Intel\Intel(R) Management Engine Components\DAL;C:\Program Files\Intel\Intel(R) Management Engine Components\DAL;C:\Program Files (x86)\Intel\Intel(R) Management Engine Components\IPT;C:\Program Files\Intel\Intel(R) Management Engine Components\IPT;C:\Program Files\Git\cmd;C:\Program Files\nodejs\;C:\Users\BEST TECH\AppData\Local\Microsoft\WindowsApps;C:\Program Files\apache-maven-3.8.1\bin;;C:\Users\BEST TECH\AppData\Local\Programs\Microsoft VS Code\bin;C:\Users\BEST TECH\AppData\Roaming\npm;."/>
    <property name="java.vm.info" value="mixed mode"/>
    <property name="java.vendor" value="Amazon.com Inc."/>
    <property name="java.vm.version" value="11.0.12+7-LTS"/>
    <property name="sun.io.unicode.encoding" value="UnicodeLittle"/>
    <property name="java.class.version" value="55.0"/>
  </properties>
  <testcase name="System should allow any user to register with valid credentials validating the success message" classname="System should allow any user to register with valid credentials validating the success message" time="0">
    <skipped message="The step &quot;Go to gmibank.com home page us01&quot; is undefined. You can implement it using the snippet(s) below:&#10;&#10;@Given(&quot;Go to gmibank.com home page us01&quot;)&#10;public void go_to_gmibank_com_home_page_us01() {&#10;    // Write code here that turns the phrase above into concrete actions&#10;    throw new io.cucumber.java.PendingException();&#10;}&#10;&#10;&#10;Some other steps were also undefined:&#10;&#10;@Given(&quot;Click to User Account menu and Click to Register&quot;)&#10;public void click_to_User_Account_menu_and_Click_to_Register() {&#10;    // Write code here that turns the phrase above into concrete actions&#10;    throw new io.cucumber.java.PendingException();&#10;}&#10;@Given(&quot;Enter the SSN {string} with valid credential&quot;)&#10;public void enter_the_SSN_with_valid_credential(String string) {&#10;    // Write code here that turns the phrase above into concrete actions&#10;    throw new io.cucumber.java.PendingException();&#10;}&#10;@Given(&quot;Enter the name {string} with valid credential&quot;)&#10;public void enter_the_name_with_valid_credential(String string) {&#10;    // Write code here that turns the phrase above into concrete actions&#10;    throw new io.cucumber.java.PendingException();&#10;}&#10;@Given(&quot;Enter the last name {string} with valid credential&quot;)&#10;public void enter_the_last_name_with_valid_credential(String string) {&#10;    // Write code here that turns the phrase above into concrete actions&#10;    throw new io.cucumber.java.PendingException();&#10;}&#10;@Given(&quot;Enter the Address&quot;)&#10;public void enter_the_Address() {&#10;    // Write code here that turns the phrase above into concrete actions&#10;    throw new io.cucumber.java.PendingException();&#10;}&#10;@Given(&quot;Enter the GSM {string} with valid credential&quot;)&#10;public void enter_the_GSM_with_valid_credential(String string) {&#10;    // Write code here that turns the phrase above into concrete actions&#10;    throw new io.cucumber.java.PendingException();&#10;}&#10;@Given(&quot;Enter the valid username {string} with valid credentail&quot;)&#10;public void enter_the_valid_username_with_valid_credentail(String string) {&#10;    // Write code here that turns the phrase above into concrete actions&#10;    throw new io.cucumber.java.PendingException();&#10;}&#10;@Given(&quot;Enter the e-mail {string} with valid credential&quot;)&#10;public void enter_the_e_mail_with_valid_credential(String string) {&#10;    // Write code here that turns the phrase above into concrete actions&#10;    throw new io.cucumber.java.PendingException();&#10;}&#10;@Given(&quot;Enter the new {string} with valid credential&quot;)&#10;public void enter_the_new_with_valid_credential(String string) {&#10;    // Write code here that turns the phrase above into concrete actions&#10;    throw new io.cucumber.java.PendingException();&#10;}&#10;@Given(&quot;Enter the same password with valid credential {string}&quot;)&#10;public void enter_the_same_password_with_valid_credential(String string) {&#10;    // Write code here that turns the phrase above into concrete actions&#10;    throw new io.cucumber.java.PendingException();&#10;}&#10;@Given(&quot;Click to Register button&quot;)&#10;public void click_to_Register_button() {&#10;    // Write code here that turns the phrase above into concrete actions&#10;    throw new io.cucumber.java.PendingException();&#10;}&#10;@Then(&quot;There should be Succes message.&quot;)&#10;public void there_should_be_Succes_message() {&#10;    // Write code here that turns the phrase above into concrete actions&#10;    throw new io.cucumber.java.PendingException();&#10;}&#10;"/>
    <system-out><![CDATA[Dec 11, 2021 10:42:12 PM io.cucumber.junit.Cucumber <init>
WARNING: By default Cucumber is running in --non-strict mode.
This default will change to --strict and --non-strict will be removed.
You can use --strict or @CucumberOptions(strict = true) to suppress this warning

&amp#27;[33mUndefined scenarios:&amp#27;[0m
&amp#27;[33mfile:///C:/Users/BEST%20TECH/IdeaProjects/GmiBankProjectReview/src/test/resources/features/US_01.feature:24&amp#27;[0m# System should allow any user to register with valid credentials validating the success message
&amp#27;[33mfile:///C:/Users/BEST%20TECH/IdeaProjects/GmiBankProjectReview/src/test/resources/features/US_01.feature:25&amp#27;[0m# System should allow any user to register with valid credentials validating the success message
&amp#27;[33mfile:///C:/Users/BEST%20TECH/IdeaProjects/GmiBankProjectReview/src/test/resources/features/US_01.feature:26&amp#27;[0m# System should allow any user to register with valid credentials validating the success message

3 Scenarios (&amp#27;[33m3 undefined&amp#27;[0m)
39 Steps (&amp#27;[33m39 undefined&amp#27;[0m)
0m0.705s


You can implement missing steps with the snippets below:

@Given("Go to gmibank.com home page us01")
public void go_to_gmibank_com_home_page_us01() {
    // Write code here that turns the phrase above into concrete actions
    throw new io.cucumber.java.PendingException();
}

@Given("Click to User Account menu and Click to Register")
public void click_to_User_Account_menu_and_Click_to_Register() {
    // Write code here that turns the phrase above into concrete actions
    throw new io.cucumber.java.PendingException();
}

@Given("Enter the SSN {string} with valid credential")
public void enter_the_SSN_with_valid_credential(String string) {
    // Write code here that turns the phrase above into concrete actions
    throw new io.cucumber.java.PendingException();
}

@Given("Enter the name {string} with valid credential")
public void enter_the_name_with_valid_credential(String string) {
    // Write code here that turns the phrase above into concrete actions
    throw new io.cucumber.java.PendingException();
}

@Given("Enter the last name {string} with valid credential")
public void enter_the_last_name_with_valid_credential(String string) {
    // Write code here that turns the phrase above into concrete actions
    throw new io.cucumber.java.PendingException();
}

@Given("Enter the Address")
public void enter_the_Address() {
    // Write code here that turns the phrase above into concrete actions
    throw new io.cucumber.java.PendingException();
}

@Given("Enter the GSM {string} with valid credential")
public void enter_the_GSM_with_valid_credential(String string) {
    // Write code here that turns the phrase above into concrete actions
    throw new io.cucumber.java.PendingException();
}

@Given("Enter the valid username {string} with valid credentail")
public void enter_the_valid_username_with_valid_credentail(String string) {
    // Write code here that turns the phrase above into concrete actions
    throw new io.cucumber.java.PendingException();
}

@Given("Enter the e-mail {string} with valid credential")
public void enter_the_e_mail_with_valid_credential(String string) {
    // Write code here that turns the phrase above into concrete actions
    throw new io.cucumber.java.PendingException();
}

@Given("Enter the new {string} with valid credential")
public void enter_the_new_with_valid_credential(String string) {
    // Write code here that turns the phrase above into concrete actions
    throw new io.cucumber.java.PendingException();
}

@Given("Enter the same password with valid credential {string}")
public void enter_the_same_password_with_valid_credential(String string) {
    // Write code here that turns the phrase above into concrete actions
    throw new io.cucumber.java.PendingException();
}

@Given("Click to Register button")
public void click_to_Register_button() {
    // Write code here that turns the phrase above into concrete actions
    throw new io.cucumber.java.PendingException();
}

@Then("There should be Succes message.")
public void there_should_be_Succes_message() {
    // Write code here that turns the phrase above into concrete actions
    throw new io.cucumber.java.PendingException();
}



@US01 @US01TC10
Scenario Outline: System should allow any user to register with valid credentials validating the success message &amp#27;[90m# src/test/resources/features/US_01.feature:24&amp#27;[0m
  &amp#27;[33mGiven &amp#27;[0m&amp#27;[33mGo to gmibank.com home page us01&amp#27;[0m                                                                         &amp#27;[90m# null&amp#27;[0m
  &amp#27;[33mAnd &amp#27;[0m&amp#27;[33mClick to User Account menu and Click to Register&amp#27;[0m                                                           &amp#27;[90m# null&amp#27;[0m
  &amp#27;[33mAnd &amp#27;[0m&amp#27;[33mEnter the SSN "456-36-6632" with valid credential&amp#27;[0m                                                          &amp#27;[90m# null&amp#27;[0m
  &amp#27;[33mAnd &amp#27;[0m&amp#27;[33mEnter the name "Hasan" with valid credential&amp#27;[0m                                                               &amp#27;[90m# null&amp#27;[0m
  &amp#27;[33mAnd &amp#27;[0m&amp#27;[33mEnter the last name "Kara" with valid credential&amp#27;[0m                                                           &amp#27;[90m# null&amp#27;[0m
  &amp#27;[33mAnd &amp#27;[0m&amp#27;[33mEnter the Address&amp#27;[0m                                                                                          &amp#27;[90m# null&amp#27;[0m
  &amp#27;[33mAnd &amp#27;[0m&amp#27;[33mEnter the GSM "560-899-8296" with valid credential&amp#27;[0m                                                         &amp#27;[90m# null&amp#27;[0m
  &amp#27;[33mAnd &amp#27;[0m&amp#27;[33mEnter the valid username "gmibankeuser04" with valid credentail&amp#27;[0m                                            &amp#27;[90m# null&amp#27;[0m
  &amp#27;[33mAnd &amp#27;[0m&amp#27;[33mEnter the e-mail "gmibankeuser04@gmail.com" with valid credential&amp#27;[0m                                          &amp#27;[90m# null&amp#27;[0m
  &amp#27;[33mAnd &amp#27;[0m&amp#27;[33mEnter the new "234@!Abc+=" with valid credential&amp#27;[0m                                                           &amp#27;[90m# null&amp#27;[0m
  &amp#27;[33mAnd &amp#27;[0m&amp#27;[33mEnter the same password with valid credential "234@!Abc+="&amp#27;[0m                                                 &amp#27;[90m# null&amp#27;[0m
  &amp#27;[33mAnd &amp#27;[0m&amp#27;[33mClick to Register button&amp#27;[0m                                                                                   &amp#27;[90m# null&amp#27;[0m
  &amp#27;[33mThen &amp#27;[0m&amp#27;[33mThere should be Succes message.&amp#27;[0m                                                                           &amp#27;[90m# null&amp#27;[0m
]]></system-out>
  </testcase>
  <testcase name="System should allow any user to register with valid credentials validating the success message" classname="System should allow any user to register with valid credentials validating the success message" time="0">
    <skipped message="The step &quot;Go to gmibank.com home page us01&quot; is undefined. You can implement it using the snippet(s) below:&#10;&#10;@Given(&quot;Go to gmibank.com home page us01&quot;)&#10;public void go_to_gmibank_com_home_page_us01() {&#10;    // Write code here that turns the phrase above into concrete actions&#10;    throw new io.cucumber.java.PendingException();&#10;}&#10;&#10;&#10;Some other steps were also undefined:&#10;&#10;@Given(&quot;Click to User Account menu and Click to Register&quot;)&#10;public void click_to_User_Account_menu_and_Click_to_Register() {&#10;    // Write code here that turns the phrase above into concrete actions&#10;    throw new io.cucumber.java.PendingException();&#10;}&#10;@Given(&quot;Enter the SSN {string} with valid credential&quot;)&#10;public void enter_the_SSN_with_valid_credential(String string) {&#10;    // Write code here that turns the phrase above into concrete actions&#10;    throw new io.cucumber.java.PendingException();&#10;}&#10;@Given(&quot;Enter the name {string} with valid credential&quot;)&#10;public void enter_the_name_with_valid_credential(String string) {&#10;    // Write code here that turns the phrase above into concrete actions&#10;    throw new io.cucumber.java.PendingException();&#10;}&#10;@Given(&quot;Enter the last name {string} with valid credential&quot;)&#10;public void enter_the_last_name_with_valid_credential(String string) {&#10;    // Write code here that turns the phrase above into concrete actions&#10;    throw new io.cucumber.java.PendingException();&#10;}&#10;@Given(&quot;Enter the Address&quot;)&#10;public void enter_the_Address() {&#10;    // Write code here that turns the phrase above into concrete actions&#10;    throw new io.cucumber.java.PendingException();&#10;}&#10;@Given(&quot;Enter the GSM {string} with valid credential&quot;)&#10;public void enter_the_GSM_with_valid_credential(String string) {&#10;    // Write code here that turns the phrase above into concrete actions&#10;    throw new io.cucumber.java.PendingException();&#10;}&#10;@Given(&quot;Enter the valid username {string} with valid credentail&quot;)&#10;public void enter_the_valid_username_with_valid_credentail(String string) {&#10;    // Write code here that turns the phrase above into concrete actions&#10;    throw new io.cucumber.java.PendingException();&#10;}&#10;@Given(&quot;Enter the e-mail {string} with valid credential&quot;)&#10;public void enter_the_e_mail_with_valid_credential(String string) {&#10;    // Write code here that turns the phrase above into concrete actions&#10;    throw new io.cucumber.java.PendingException();&#10;}&#10;@Given(&quot;Enter the new {string} with valid credential&quot;)&#10;public void enter_the_new_with_valid_credential(String string) {&#10;    // Write code here that turns the phrase above into concrete actions&#10;    throw new io.cucumber.java.PendingException();&#10;}&#10;@Given(&quot;Enter the same password with valid credential {string}&quot;)&#10;public void enter_the_same_password_with_valid_credential(String string) {&#10;    // Write code here that turns the phrase above into concrete actions&#10;    throw new io.cucumber.java.PendingException();&#10;}&#10;@Given(&quot;Click to Register button&quot;)&#10;public void click_to_Register_button() {&#10;    // Write code here that turns the phrase above into concrete actions&#10;    throw new io.cucumber.java.PendingException();&#10;}&#10;@Then(&quot;There should be Succes message.&quot;)&#10;public void there_should_be_Succes_message() {&#10;    // Write code here that turns the phrase above into concrete actions&#10;    throw new io.cucumber.java.PendingException();&#10;}&#10;"/>
    <system-out><![CDATA[
@US01 @US01TC10
Scenario Outline: System should allow any user to register with valid credentials validating the success message &amp#27;[90m# src/test/resources/features/US_01.feature:25&amp#27;[0m
  &amp#27;[33mGiven &amp#27;[0m&amp#27;[33mGo to gmibank.com home page us01&amp#27;[0m                                                                         &amp#27;[90m# null&amp#27;[0m
  &amp#27;[33mAnd &amp#27;[0m&amp#27;[33mClick to User Account menu and Click to Register&amp#27;[0m                                                           &amp#27;[90m# null&amp#27;[0m
  &amp#27;[33mAnd &amp#27;[0m&amp#27;[33mEnter the SSN "456-36-6631" with valid credential&amp#27;[0m                                                          &amp#27;[90m# null&amp#27;[0m
  &amp#27;[33mAnd &amp#27;[0m&amp#27;[33mEnter the name "Abdullah" with valid credential&amp#27;[0m                                                            &amp#27;[90m# null&amp#27;[0m
  &amp#27;[33mAnd &amp#27;[0m&amp#27;[33mEnter the last name "Kara" with valid credential&amp#27;[0m                                                           &amp#27;[90m# null&amp#27;[0m
  &amp#27;[33mAnd &amp#27;[0m&amp#27;[33mEnter the Address&amp#27;[0m                                                                                          &amp#27;[90m# null&amp#27;[0m
  &amp#27;[33mAnd &amp#27;[0m&amp#27;[33mEnter the GSM "561-899-8297" with valid credential&amp#27;[0m                                                         &amp#27;[90m# null&amp#27;[0m
  &amp#27;[33mAnd &amp#27;[0m&amp#27;[33mEnter the valid username "gmibankwuser05" with valid credentail&amp#27;[0m                                            &amp#27;[90m# null&amp#27;[0m
  &amp#27;[33mAnd &amp#27;[0m&amp#27;[33mEnter the e-mail "gmibank5user05@gmail.com" with valid credential&amp#27;[0m                                          &amp#27;[90m# null&amp#27;[0m
  &amp#27;[33mAnd &amp#27;[0m&amp#27;[33mEnter the new "234@!Abc+#" with valid credential&amp#27;[0m                                                           &amp#27;[90m# null&amp#27;[0m
  &amp#27;[33mAnd &amp#27;[0m&amp#27;[33mEnter the same password with valid credential "234@!Abc+#"&amp#27;[0m                                                 &amp#27;[90m# null&amp#27;[0m
  &amp#27;[33mAnd &amp#27;[0m&amp#27;[33mClick to Register button&amp#27;[0m                                                                                   &amp#27;[90m# null&amp#27;[0m
  &amp#27;[33mThen &amp#27;[0m&amp#27;[33mThere should be Succes message.&amp#27;[0m                                                                           &amp#27;[90m# null&amp#27;[0m
]]></system-out>
  </testcase>
  <testcase name="System should allow any user to register with valid credentials validating the success message" classname="System should allow any user to register with valid credentials validating the success message" time="0">
    <skipped message="The step &quot;Go to gmibank.com home page us01&quot; is undefined. You can implement it using the snippet(s) below:&#10;&#10;@Given(&quot;Go to gmibank.com home page us01&quot;)&#10;public void go_to_gmibank_com_home_page_us01() {&#10;    // Write code here that turns the phrase above into concrete actions&#10;    throw new io.cucumber.java.PendingException();&#10;}&#10;&#10;&#10;Some other steps were also undefined:&#10;&#10;@Given(&quot;Click to User Account menu and Click to Register&quot;)&#10;public void click_to_User_Account_menu_and_Click_to_Register() {&#10;    // Write code here that turns the phrase above into concrete actions&#10;    throw new io.cucumber.java.PendingException();&#10;}&#10;@Given(&quot;Enter the SSN {string} with valid credential&quot;)&#10;public void enter_the_SSN_with_valid_credential(String string) {&#10;    // Write code here that turns the phrase above into concrete actions&#10;    throw new io.cucumber.java.PendingException();&#10;}&#10;@Given(&quot;Enter the name {string} with valid credential&quot;)&#10;public void enter_the_name_with_valid_credential(String string) {&#10;    // Write code here that turns the phrase above into concrete actions&#10;    throw new io.cucumber.java.PendingException();&#10;}&#10;@Given(&quot;Enter the last name {string} with valid credential&quot;)&#10;public void enter_the_last_name_with_valid_credential(String string) {&#10;    // Write code here that turns the phrase above into concrete actions&#10;    throw new io.cucumber.java.PendingException();&#10;}&#10;@Given(&quot;Enter the Address&quot;)&#10;public void enter_the_Address() {&#10;    // Write code here that turns the phrase above into concrete actions&#10;    throw new io.cucumber.java.PendingException();&#10;}&#10;@Given(&quot;Enter the GSM {string} with valid credential&quot;)&#10;public void enter_the_GSM_with_valid_credential(String string) {&#10;    // Write code here that turns the phrase above into concrete actions&#10;    throw new io.cucumber.java.PendingException();&#10;}&#10;@Given(&quot;Enter the valid username {string} with valid credentail&quot;)&#10;public void enter_the_valid_username_with_valid_credentail(String string) {&#10;    // Write code here that turns the phrase above into concrete actions&#10;    throw new io.cucumber.java.PendingException();&#10;}&#10;@Given(&quot;Enter the e-mail {string} with valid credential&quot;)&#10;public void enter_the_e_mail_with_valid_credential(String string) {&#10;    // Write code here that turns the phrase above into concrete actions&#10;    throw new io.cucumber.java.PendingException();&#10;}&#10;@Given(&quot;Enter the new {string} with valid credential&quot;)&#10;public void enter_the_new_with_valid_credential(String string) {&#10;    // Write code here that turns the phrase above into concrete actions&#10;    throw new io.cucumber.java.PendingException();&#10;}&#10;@Given(&quot;Enter the same password with valid credential {string}&quot;)&#10;public void enter_the_same_password_with_valid_credential(String string) {&#10;    // Write code here that turns the phrase above into concrete actions&#10;    throw new io.cucumber.java.PendingException();&#10;}&#10;@Given(&quot;Click to Register button&quot;)&#10;public void click_to_Register_button() {&#10;    // Write code here that turns the phrase above into concrete actions&#10;    throw new io.cucumber.java.PendingException();&#10;}&#10;@Then(&quot;There should be Succes message.&quot;)&#10;public void there_should_be_Succes_message() {&#10;    // Write code here that turns the phrase above into concrete actions&#10;    throw new io.cucumber.java.PendingException();&#10;}&#10;"/>
    <system-out><![CDATA[
@US01 @US01TC10
Scenario Outline: System should allow any user to register with valid credentials validating the success message &amp#27;[90m# src/test/resources/features/US_01.feature:26&amp#27;[0m
  &amp#27;[33mGiven &amp#27;[0m&amp#27;[33mGo to gmibank.com home page us01&amp#27;[0m                                                                         &amp#27;[90m# null&amp#27;[0m
  &amp#27;[33mAnd &amp#27;[0m&amp#27;[33mClick to User Account menu and Click to Register&amp#27;[0m                                                           &amp#27;[90m# null&amp#27;[0m
  &amp#27;[33mAnd &amp#27;[0m&amp#27;[33mEnter the SSN "456-37-6633" with valid credential&amp#27;[0m                                                          &amp#27;[90m# null&amp#27;[0m
  &amp#27;[33mAnd &amp#27;[0m&amp#27;[33mEnter the name "Ayhan" with valid credential&amp#27;[0m                                                               &amp#27;[90m# null&amp#27;[0m
  &amp#27;[33mAnd &amp#27;[0m&amp#27;[33mEnter the last name "Kara" with valid credential&amp#27;[0m                                                           &amp#27;[90m# null&amp#27;[0m
  &amp#27;[33mAnd &amp#27;[0m&amp#27;[33mEnter the Address&amp#27;[0m                                                                                          &amp#27;[90m# null&amp#27;[0m
  &amp#27;[33mAnd &amp#27;[0m&amp#27;[33mEnter the GSM "563-899-8298" with valid credential&amp#27;[0m                                                         &amp#27;[90m# null&amp#27;[0m
  &amp#27;[33mAnd &amp#27;[0m&amp#27;[33mEnter the valid username "gmibankouser06" with valid credentail&amp#27;[0m                                            &amp#27;[90m# null&amp#27;[0m
  &amp#27;[33mAnd &amp#27;[0m&amp#27;[33mEnter the e-mail "gmibank6user06@gmail.com" with valid credential&amp#27;[0m                                          &amp#27;[90m# null&amp#27;[0m
  &amp#27;[33mAnd &amp#27;[0m&amp#27;[33mEnter the new "234@!Abc+$" with valid credential&amp#27;[0m                                                           &amp#27;[90m# null&amp#27;[0m
  &amp#27;[33mAnd &amp#27;[0m&amp#27;[33mEnter the same password with valid credential "234@!Abc+$"&amp#27;[0m                                                 &amp#27;[90m# null&amp#27;[0m
  &amp#27;[33mAnd &amp#27;[0m&amp#27;[33mClick to Register button&amp#27;[0m                                                                                   &amp#27;[90m# null&amp#27;[0m
  &amp#27;[33mThen &amp#27;[0m&amp#27;[33mThere should be Succes message.&amp#27;[0m                                                                           &amp#27;[90m# null&amp#27;[0m
]]></system-out>
  </testcase>
</testsuite>